g:\documents\julien\projets\c++\cpp\debug\tools\vc140.pdb
g:\documents\julien\projets\c++\cpp\debug\tools\vc140.idb
g:\documents\julien\projets\c++\cpp\debug\tools\basic_actions.obj
g:\documents\julien\projets\c++\cpp\debug\tools\movement.obj
g:\documents\julien\projets\c++\cpp\debug\tools\sorted.obj
g:\documents\julien\projets\c++\cpp\debug\tools\collision.obj
g:\documents\julien\projets\c++\cpp\debug\tools\vec.obj
g:\documents\julien\projets\c++\cpp\debug\tools\free_list_allocator.obj
g:\documents\julien\projets\c++\cpp\debug\tools\stack_allocator.obj
g:\documents\julien\projets\c++\cpp\debug\tools\editor_main.obj
g:\documents\julien\projets\c++\cpp\debug\tools\editor_memory.obj
g:\documents\julien\projets\c++\cpp\debug\tools\imgui.obj
g:\documents\julien\projets\c++\cpp\debug\tools\imgui_demo.obj
g:\documents\julien\projets\c++\cpp\debug\tools\imgui_draw.obj
g:\documents\julien\projets\c++\cpp\debug\tools\imgui_impl_sdl_gl3.obj
g:\documents\julien\projets\c++\cpp\debug\tools\input.obj
g:\documents\julien\projets\c++\cpp\debug\tools\main.obj
g:\documents\julien\projets\c++\cpp\debug\tools\name.obj
g:\documents\julien\projets\c++\cpp\debug\tools.ilk
g:\documents\julien\projets\c++\cpp\debug\tools.exe
g:\documents\julien\projets\c++\cpp\debug\tools.pdb
g:\documents\julien\projets\c++\cpp\debug\tools.lib
g:\documents\julien\projets\c++\cpp\debug\tools.exp
g:\documents\julien\projets\c++\cpp\debug\tools\tools.tlog\cl.command.1.tlog
g:\documents\julien\projets\c++\cpp\debug\tools\tools.tlog\cl.read.1.tlog
g:\documents\julien\projets\c++\cpp\debug\tools\tools.tlog\cl.write.1.tlog
g:\documents\julien\projets\c++\cpp\debug\tools\tools.tlog\link.command.1.tlog
g:\documents\julien\projets\c++\cpp\debug\tools\tools.tlog\link.read.1.tlog
g:\documents\julien\projets\c++\cpp\debug\tools\tools.tlog\link.write.1.tlog
g:\documents\julien\projets\c++\cpp\debug\tools\tools.tlog\tools.write.1u.tlog
